Removed Pin From Net: NetName=GND Pin=C2-1
Removed Pin From Net: NetName=CAN_F_P Pin=C2-2
Removed Pin From Net: NetName=GND Pin=C3-1
Removed Pin From Net: NetName=CAN_F_N Pin=C3-2
Removed Pin From Net: NetName=GND Pin=C4-1
Removed Pin From Net: NetName=GND Pin=C5-1
Removed Pin From Net: NetName=CAN_F_P Pin=L1-1
Removed Pin From Net: NetName=CAN_F_N Pin=L1-2
Removed Member From Class: ClassName=CAN Member=C2
Removed Member From Class: ClassName=CAN Member=C3
Removed Member From Class: ClassName=CAN Member=C4
Removed Member From Class: ClassName=CAN Member=C11
Removed Member From Class: ClassName=CAN Member=C12
Removed Member From Class: ClassName=CAN Member=C13
Removed Member From Class: ClassName=MCU Member=C13
Removed Member From Class: ClassName=CAN Member=L2
Removed Member From Class: ClassName=IMD Member=Q3
Removed Member From Class: ClassName=MCU Member=R8
Removed Member From Class: ClassName=TSAL Member=R8
Removed Member From Class: ClassName=IMD Member=R11
Removed Member From Class: ClassName=CAN Member=R12
Removed Member From Class: ClassName=LEM Member=R12
Removed Member From Class: ClassName=CAN Member=R17
Removed Member From Class: ClassName=CAN Member=R18
Removed Member From Class: ClassName=CAN Member=R22
Removed Member From Class: ClassName=IMD Member=R22
Removed Member From Class: ClassName=CAN Member=U3
Removed Member From Class: ClassName=CAN Member=X2
Change Component Footprint: Designator=R2 Old Footprint=RESC1210(3225)_N New Footprint=RESC1210(3225)_L
Change Component Footprint: Designator=R3 Old Footprint=RESC1210(3225)_N New Footprint=RESC1210(3225)_L
Change Component Comment : Designator=R2 Old Comment=62R New Comment=60R4 1% 1210(3225)
Change Component Comment : Designator=R3 Old Comment=62R New Comment=60R4 1% 1210(3225)
Change Component Comment : Designator=R4 Old Comment=100R 5% 0603(1608) New Comment=330R 5% 0603(1608)
Change Component Comment : Designator=R5 Old Comment=100R 5% 0603(1608) New Comment=330R 5% 0603(1608)
Change component parameters: Designator = "R4"; Footprint = "RESC0603(1608)_L"; UniqueID = "\HSEJBSOZ"
Change component parameters. Clean all parameters for all variants
Change component parameters (AddParameter): Name = "Case-EIA"; Value = "0603"; VariantName = "[No Variations]"
Change component parameters (AddParameter): Name = "Case-Metric"; Value = "1608"; VariantName = "[No Variations]"
Change component parameters (AddParameter): Name = "Power"; Value = "0.1 W"; VariantName = "[No Variations]"
Change component parameters (AddParameter): Name = "Technology"; Value = "SMT"; VariantName = "[No Variations]"
Change component parameters (AddParameter): Name = "Tolerance"; Value = "5 %"; VariantName = "[No Variations]"
Change component parameters (AddParameter): Name = "Value"; Value = "330.00 Ohm"; VariantName = "[No Variations]"
Change component parameters: Designator = "R5"; Footprint = "RESC0603(1608)_L"; UniqueID = "\YYTBKTWZ"
Change component parameters. Clean all parameters for all variants
Change component parameters (AddParameter): Name = "Case-EIA"; Value = "0603"; VariantName = "[No Variations]"
Change component parameters (AddParameter): Name = "Case-Metric"; Value = "1608"; VariantName = "[No Variations]"
Change component parameters (AddParameter): Name = "Power"; Value = "0.1 W"; VariantName = "[No Variations]"
Change component parameters (AddParameter): Name = "Technology"; Value = "SMT"; VariantName = "[No Variations]"
Change component parameters (AddParameter): Name = "Tolerance"; Value = "5 %"; VariantName = "[No Variations]"
Change component parameters (AddParameter): Name = "Value"; Value = "330.00 Ohm"; VariantName = "[No Variations]"
Change component parameters: Designator = "R2"; Footprint = "RESC1210(3225)_L"; UniqueID = "\QAVIVJML"
Change component parameters. Clean all parameters for all variants
Change component parameters (AddParameter): Name = "Case-EIA"; Value = "1210"; VariantName = "[No Variations]"
Change component parameters (AddParameter): Name = "Case-Metric"; Value = "3225"; VariantName = "[No Variations]"
Change component parameters (AddParameter): Name = "Power"; Value = "0.5 W"; VariantName = "[No Variations]"
Change component parameters (AddParameter): Name = "Technology"; Value = "SMT"; VariantName = "[No Variations]"
Change component parameters (AddParameter): Name = "Tolerance"; Value = "1 %"; VariantName = "[No Variations]"
Change component parameters (AddParameter): Name = "Value"; Value = "60.40 Ohm"; VariantName = "[No Variations]"
Change component parameters: Designator = "R3"; Footprint = "RESC1210(3225)_L"; UniqueID = "\ZVZPBEID"
Change component parameters. Clean all parameters for all variants
Change component parameters (AddParameter): Name = "Case-EIA"; Value = "1210"; VariantName = "[No Variations]"
Change component parameters (AddParameter): Name = "Case-Metric"; Value = "3225"; VariantName = "[No Variations]"
Change component parameters (AddParameter): Name = "Power"; Value = "0.5 W"; VariantName = "[No Variations]"
Change component parameters (AddParameter): Name = "Technology"; Value = "SMT"; VariantName = "[No Variations]"
Change component parameters (AddParameter): Name = "Tolerance"; Value = "1 %"; VariantName = "[No Variations]"
Change component parameters (AddParameter): Name = "Value"; Value = "60.40 Ohm"; VariantName = "[No Variations]"
Added Component: Designator=LED3(KING-LED0603-25-ORANGE_V)
Add component. Clean all parameters for all variants
Add component (AddParameter): Name = "ComponentLink1Description"; Value = "Manufacturer URL"; VariantName = "[No Variations]"
Add component (AddParameter): Name = "ComponentLink1URL"; Value = "http://www.kingbrightusa.com/"; VariantName = "[No Variations]"
Add component (AddParameter): Name = "ComponentLink2Description"; Value = "Datasheet"; VariantName = "[No Variations]"
Add component (AddParameter): Name = "ComponentLink2URL"; Value = "http://www.kingbrightusa.com/images/catalog/SPEC/APG1608SEKC-T.pdf"; VariantName = "[No Variations]"
Add component (AddParameter): Name = "DatasheetVersion"; Value = "Rev. 4A, 12/2011"; VariantName = "[No Variations]"
Add component (AddParameter): Name = "Forward Current"; Value = "30 mA"; VariantName = "[No Variations]"
Add component (AddParameter): Name = "Mounting Technology"; Value = "Surface Mount"; VariantName = "[No Variations]"
Add component (AddParameter): Name = "PackageDescription"; Value = "2-Pin SMT LED, 1.6 x 0.8 mm Body, 0.25mm Thickness"; VariantName = "[No Variations]"
Add component (AddParameter): Name = "PackageReference"; Value = "LED0603-25-ORANGE"; VariantName = "[No Variations]"
Add component (AddParameter): Name = "PackageVersion"; Value = "Rev. 4A, 12/2011"; VariantName = "[No Variations]"
Add component (AddParameter): Name = "Packing"; Value = "Reel"; VariantName = "[No Variations]"
Add component (AddParameter): Name = "PartNumber"; Value = "APG1608SEKC/T"; VariantName = "[No Variations]"
Add component (AddParameter): Name = "Power Dissipation"; Value = "75 mW"; VariantName = "[No Variations]"
Add component (AddParameter): Name = "Reverse Voltage"; Value = "5 V"; VariantName = "[No Variations]"
Add component (AddParameter): Name = "Storage Temperature"; Value = "-40 to 85 degC"; VariantName = "[No Variations]"
Added Component: Designator=LED4(KING-LED0603-25-ORANGE_V)
Add component. Clean all parameters for all variants
Add component (AddParameter): Name = "ComponentLink1Description"; Value = "Manufacturer URL"; VariantName = "[No Variations]"
Add component (AddParameter): Name = "ComponentLink1URL"; Value = "http://www.kingbrightusa.com/"; VariantName = "[No Variations]"
Add component (AddParameter): Name = "ComponentLink2Description"; Value = "Datasheet"; VariantName = "[No Variations]"
Add component (AddParameter): Name = "ComponentLink2URL"; Value = "http://www.kingbrightusa.com/images/catalog/SPEC/APG1608SEKC-T.pdf"; VariantName = "[No Variations]"
Add component (AddParameter): Name = "DatasheetVersion"; Value = "Rev. 4A, 12/2011"; VariantName = "[No Variations]"
Add component (AddParameter): Name = "Forward Current"; Value = "30 mA"; VariantName = "[No Variations]"
Add component (AddParameter): Name = "Mounting Technology"; Value = "Surface Mount"; VariantName = "[No Variations]"
Add component (AddParameter): Name = "PackageDescription"; Value = "2-Pin SMT LED, 1.6 x 0.8 mm Body, 0.25mm Thickness"; VariantName = "[No Variations]"
Add component (AddParameter): Name = "PackageReference"; Value = "LED0603-25-ORANGE"; VariantName = "[No Variations]"
Add component (AddParameter): Name = "PackageVersion"; Value = "Rev. 4A, 12/2011"; VariantName = "[No Variations]"
Add component (AddParameter): Name = "Packing"; Value = "Reel"; VariantName = "[No Variations]"
Add component (AddParameter): Name = "PartNumber"; Value = "APG1608SEKC/T"; VariantName = "[No Variations]"
Add component (AddParameter): Name = "Power Dissipation"; Value = "75 mW"; VariantName = "[No Variations]"
Add component (AddParameter): Name = "Reverse Voltage"; Value = "5 V"; VariantName = "[No Variations]"
Add component (AddParameter): Name = "Storage Temperature"; Value = "-40 to 85 degC"; VariantName = "[No Variations]"
Added Component: Designator=R27(RESC0603(1608)_N)
Add component. Clean all parameters for all variants
Add component (AddParameter): Name = "Case-EIA"; Value = "0603"; VariantName = "[No Variations]"
Add component (AddParameter): Name = "Case-Metric"; Value = "1608"; VariantName = "[No Variations]"
Add component (AddParameter): Name = "Power"; Value = "0.1 W"; VariantName = "[No Variations]"
Add component (AddParameter): Name = "Technology"; Value = "SMT"; VariantName = "[No Variations]"
Add component (AddParameter): Name = "Tolerance"; Value = "5 %"; VariantName = "[No Variations]"
Add component (AddParameter): Name = "Value"; Value = "4700.00 Ohm"; VariantName = "[No Variations]"
Added Component: Designator=R28(RESC0603(1608)_L)
Add component. Clean all parameters for all variants
Add component (AddParameter): Name = "Case-EIA"; Value = "0603"; VariantName = "[No Variations]"
Add component (AddParameter): Name = "Case-Metric"; Value = "1608"; VariantName = "[No Variations]"
Add component (AddParameter): Name = "Power"; Value = "0.1 W"; VariantName = "[No Variations]"
Add component (AddParameter): Name = "Technology"; Value = "SMT"; VariantName = "[No Variations]"
Add component (AddParameter): Name = "Tolerance"; Value = "5 %"; VariantName = "[No Variations]"
Add component (AddParameter): Name = "Value"; Value = "6200.00 Ohm"; VariantName = "[No Variations]"
Added Component: Designator=R29(RESC0603(1608)_L)
Add component. Clean all parameters for all variants
Add component (AddParameter): Name = "Case-EIA"; Value = "0603"; VariantName = "[No Variations]"
Add component (AddParameter): Name = "Case-Metric"; Value = "1608"; VariantName = "[No Variations]"
Add component (AddParameter): Name = "Power"; Value = "0.1 W"; VariantName = "[No Variations]"
Add component (AddParameter): Name = "Technology"; Value = "SMT"; VariantName = "[No Variations]"
Add component (AddParameter): Name = "Tolerance"; Value = "5 %"; VariantName = "[No Variations]"
Add component (AddParameter): Name = "Value"; Value = "330.00 Ohm"; VariantName = "[No Variations]"
Added Component: Designator=R30(RESC0603(1608)_L)
Add component. Clean all parameters for all variants
Add component (AddParameter): Name = "Case-EIA"; Value = "0603"; VariantName = "[No Variations]"
Add component (AddParameter): Name = "Case-Metric"; Value = "1608"; VariantName = "[No Variations]"
Add component (AddParameter): Name = "Power"; Value = "0.1 W"; VariantName = "[No Variations]"
Add component (AddParameter): Name = "Technology"; Value = "SMT"; VariantName = "[No Variations]"
Add component (AddParameter): Name = "Tolerance"; Value = "5 %"; VariantName = "[No Variations]"
Add component (AddParameter): Name = "Value"; Value = "330.00 Ohm"; VariantName = "[No Variations]"
Added Component: Designator=U9(D0014A_L)
Add component. Clean all parameters for all variants
Add component (AddParameter): Name = "Automotive Qualification Standard"; Value = "-"; VariantName = "[No Variations]"
Add component (AddParameter): Name = "Comparator Case Style"; Value = "SOIC"; VariantName = "[No Variations]"
Add component (AddParameter): Name = "Comparator Type"; Value = "Differential"; VariantName = "[No Variations]"
Add component (AddParameter): Name = "Datasheet URL"; Value = "http://www.ti.com/general/docs/lit/getliterature.tsp?genericPartNumber=LM339&fileType=pdf"; VariantName = "[No Variations]"
Add component (AddParameter): Name = "Datasheet Version"; Value = "Rev. T, 06/2015"; VariantName = "[No Variations]"
Add component (AddParameter): Name = "IC Output Type"; Value = "CMOS,MOS,TTL"; VariantName = "[No Variations]"
Add component (AddParameter): Name = "Manufacturer"; Value = "Texas Instruments"; VariantName = "[No Variations]"
Add component (AddParameter): Name = "Manufacturer URL"; Value = "http://www.ti.com/"; VariantName = "[No Variations]"
Add component (AddParameter): Name = "Mounting Technology"; Value = "SurfaceMount"; VariantName = "[No Variations]"
Add component (AddParameter): Name = "No. of Comparators"; Value = "4"; VariantName = "[No Variations]"
Add component (AddParameter): Name = "No. of Pins"; Value = "14Pins"; VariantName = "[No Variations]"
Add component (AddParameter): Name = "Operating Temperature Max"; Value = "70°C"; VariantName = "[No Variations]"
Add component (AddParameter): Name = "Operating Temperature Min"; Value = "0°C"; VariantName = "[No Variations]"
Add component (AddParameter): Name = "Package Description"; Value = "14-Pin Small Outline Integrated Circuit, Body 8.65 x 3.9 mm, Pitch 1.27 mm"; VariantName = "[No Variations]"
Add component (AddParameter): Name = "Package Reference"; Value = "D14"; VariantName = "[No Variations]"
Add component (AddParameter): Name = "Package URL"; Value = "http://www.ti.com/lit/ml/mpds177g/mpds177g.pdf"; VariantName = "[No Variations]"
Add component (AddParameter): Name = "Package Version"; Value = "4040047-5/M, 06/2011"; VariantName = "[No Variations]"
Add component (AddParameter): Name = "Packaging"; Value = "CutTape"; VariantName = "[No Variations]"
Add component (AddParameter): Name = "Product Range"; Value = "-"; VariantName = "[No Variations]"
Add component (AddParameter): Name = "Response Time"; Value = "300ns"; VariantName = "[No Variations]"
Add component (AddParameter): Name = "Supply Voltage Range"; Value = "2Vto36V,±1Vto±18V"; VariantName = "[No Variations]"
Added Pin To Net: NetName=CAN_F_N Pin=J5-2
Added Pin To Net: NetName=IMD_STATUS Pin=J5-5
Added Pin To Net: NetName=IMD_MEASUREMENT Pin=J5-6
Added Pin To Net: NetName=LEM_MEASUREMENT Pin=J5-8
Added Pin To Net: NetName=CAN_F_P Pin=J5-11
Added Pin To Net: NetName=GND Pin=LED3-2
Added Pin To Net: NetName=GND Pin=LED4-2
Added Pin To Net: NetName=CAN_F_P Pin=R2-2
Added Pin To Net: NetName=CAN_F_N Pin=R3-2
Added Pin To Net: NetName=GND Pin=R27-2
Added Pin To Net: NetName=+5 Pin=U9-3
Added Pin To Net: NetName=GND Pin=U9-4
Added Pin To Net: NetName=GND Pin=U9-5
Added Pin To Net: NetName=LEM_MEASUREMENT Pin=U9-6
Added Pin To Net: NetName=GND Pin=U9-8
Added Pin To Net: NetName=GND Pin=U9-9
Added Pin To Net: NetName=GND Pin=U9-10
Added Pin To Net: NetName=GND Pin=U9-11
Added Pin To Net: NetName=GND Pin=U9-12
Change Net Name : Old Net Name=CAN_F_N New Net Name=CAN_N
Change Net Name : Old Net Name=CAN_F_P New Net Name=CAN_P
Added Pin To Net: NetName=MCU_LED_A Pin=R29-1
Added Pin To Net: NetName=MCU_LED_A Pin=U3-15
Added Net: Name=MCU_LED_A
Added Pin To Net: NetName=MCU_LED_B Pin=R30-1
Added Pin To Net: NetName=MCU_LED_B Pin=U3-16
Added Net: Name=MCU_LED_B
Added Pin To Net: NetName=NetJ5_7 Pin=J5-7
Added Pin To Net: NetName=NetJ5_7 Pin=R28-2
Added Pin To Net: NetName=NetJ5_7 Pin=U9-1
Added Net: Name=NetJ5_7
Added Pin To Net: NetName=NetLED3_1 Pin=LED3-1
Added Pin To Net: NetName=NetLED3_1 Pin=R29-2
Added Net: Name=NetLED3_1
Added Pin To Net: NetName=NetLED4_1 Pin=LED4-1
Added Pin To Net: NetName=NetLED4_1 Pin=R30-2
Added Net: Name=NetLED4_1
Added Pin To Net: NetName=NetR27_1 Pin=R27-1
Added Pin To Net: NetName=NetR27_1 Pin=R28-1
Added Pin To Net: NetName=NetR27_1 Pin=U9-7
Added Net: Name=NetR27_1
Added Member To Class: ClassName=CAN Member=Component C6 CAP 100nF 16V 0603(1608)
Added Member To Class: ClassName=CAN Member=Component C7 CAP 4.7nF 50V 0603(1608)
Added Member To Class: ClassName=MCU Member=Component C10 CAP 100nF 16V 0603(1608)
Added Member To Class: ClassName=Offboard Member=Component J4 Microfit 3.0 2x2
Added Member To Class: ClassName=MCU Member=Component LED3 2V 20mA 0603 Org
Added Member To Class: ClassName=MCU Member=Component LED4 2V 20mA 0603 Org
Added Member To Class: ClassName=IMD Member=Component Q1 SUD50P06-15-GE3
Added Member To Class: ClassName=TSAL Member=Component Q4 BSS138-7-F
Added Member To Class: ClassName=CAN Member=Component R2 60R4 1% 1210(3225)
Added Member To Class: ClassName=CAN Member=Component R3 60R4 1% 1210(3225)
Added Member To Class: ClassName=CAN Member=Component R4 330R 5% 0603(1608)
Added Member To Class: ClassName=CAN Member=Component R5 330R 5% 0603(1608)
Added Member To Class: ClassName=IMD Member=Component R6 2K2 5% 0603(1608)
Added Member To Class: ClassName=IMD Member=Component R7 1K 5% 0603(1608)
Added Member To Class: ClassName=IMD Member=Component R9 2K2 5% 0603(1608)
Added Member To Class: ClassName=LEM Member=Component R10 1K 5% 0603(1608)
Added Member To Class: ClassName=MCU Member=Component R14 22K 5% 0603(1608)
Added Member To Class: ClassName=MCU Member=Component R15 15K 5% 0603(1608)
Added Member To Class: ClassName=TSAL Member=Component R16 9K1 5% 1210(3225)
Added Member To Class: ClassName=TSAL Member=Component R19 1K 5% 0603(1608)
Added Member To Class: ClassName=TSAL Member=Component R21 1K 5% 1210(3225)
Added Member To Class: ClassName=LEM Member=Component R27 4K7 5% 0603(1608)
Added Member To Class: ClassName=LEM Member=Component R28 6K2 5% 0603(1608)
Added Member To Class: ClassName=MCU Member=Component R29 330R 5% 0603(1608)
Added Member To Class: ClassName=MCU Member=Component R30 330R 5% 0603(1608)
Added Member To Class: ClassName=CAN Member=Component U2 MCP2561
Added Member To Class: ClassName=LEM Member=Component U9 LM339D
Added Member To Class: ClassName=CAN Member=Component X1 Crystal 20MHz
