Change Component Designator: OldDesignator=C5 NewDesignator=C11
Change Component Designator: OldDesignator=C6 NewDesignator=C12
Change Component Designator: OldDesignator=C7 NewDesignator=C10
Change Component Designator: OldDesignator=C10 NewDesignator=C13
Change Component Designator: OldDesignator=C11 NewDesignator=C14
Change Component Designator: OldDesignator=J4 NewDesignator=J5
Change Component Designator: OldDesignator=J5 NewDesignator=J4
Change Component Designator: OldDesignator=L1 NewDesignator=L2
Change Component Designator: OldDesignator=Q1 NewDesignator=Q3
Change Component Designator: OldDesignator=Q2 NewDesignator=Q4
Change Component Designator: OldDesignator=Q3 NewDesignator=Q5
Change Component Designator: OldDesignator=Q4 NewDesignator=Q6
Change Component Designator: OldDesignator=Q5 NewDesignator=Q1
Change Component Designator: OldDesignator=Q6 NewDesignator=Q2
Change Component Designator: OldDesignator=R2 NewDesignator=R10
Change Component Designator: OldDesignator=R3 NewDesignator=R16
Change Component Designator: OldDesignator=R4 NewDesignator=R17
Change Component Designator: OldDesignator=R5 NewDesignator=R18
Change Component Designator: OldDesignator=R6 NewDesignator=R19
Change Component Designator: OldDesignator=R7 NewDesignator=R11
Change Component Designator: OldDesignator=R8 NewDesignator=R21
Change Component Designator: OldDesignator=R9 NewDesignator=R22
Change Component Designator: OldDesignator=R10 NewDesignator=R12
Change Component Designator: OldDesignator=R11 NewDesignator=R24
Change Component Designator: OldDesignator=R12 NewDesignator=R25
Change Component Designator: OldDesignator=R13 NewDesignator=R6
Change Component Designator: OldDesignator=R14 NewDesignator=R7
Change Component Designator: OldDesignator=R15 NewDesignator=R8
Change Component Designator: OldDesignator=R16 NewDesignator=R9
Change Component Designator: OldDesignator=R17 NewDesignator=R13
Change Component Designator: OldDesignator=R18 NewDesignator=R14
Change Component Designator: OldDesignator=R19 NewDesignator=R15
Change Component Designator: OldDesignator=R20 NewDesignator=R26
Change Component Designator: OldDesignator=R21 NewDesignator=R20
Change Component Designator: OldDesignator=R22 NewDesignator=R23
Change Component Designator: OldDesignator=U2 NewDesignator=U3
Change Component Designator: OldDesignator=U3 NewDesignator=U4
Change Component Designator: OldDesignator=U4 NewDesignator=U8
Change Component Designator: OldDesignator=X1 NewDesignator=X2
Change Component Designator: OldDesignator=X2 NewDesignator=X1
Change Net Name : Old Net Name=NetJ4_4 New Net Name=NetJ5_4
Change Net Name : Old Net Name=NetJ4_9 New Net Name=NetJ5_9
Change Net Name : Old Net Name=NetJ4_10 New Net Name=NetJ5_10
Change Net Name : Old Net Name=NetQ4_1 New Net Name=NetQ6_1
Change Net Name : Old Net Name=NetQ5_1 New Net Name=NetQ1_1
Change Net Name : Old Net Name=NetR7_1 New Net Name=NetR11_1
Change Net Name : Old Net Name=NetR18_1 New Net Name=NetR14_1
